<?xml version="1.0" encoding="utf-8"?><testsuites name="pytest tests"><testsuite name="pytest" errors="0" failures="0" skipped="22" tests="209" time="30.751" timestamp="2026-09-24T21:12:03.758269+00:00" hostname="a362dc49f043"><testcase classname="tests.integration.test_docker_runtime" name="test_owned_runtime_boundary" time="0.001"><skipped type="pytest.skip" message="opt in to live Docker runtime test">/opt/data/workspace/keemu/tests/integration/test_docker_runtime.py:18: opt in to live Docker runtime test</skipped></testcase><testcase classname="tests.integration.test_init_cache" name="test_live_image_and_offline_repeat_never_fetches" time="0.000"><skipped type="pytest.skip" message="set KEEMU_RUN_INIT_CACHE=1 with pinned cache and Docker/binfmt">/opt/data/workspace/keemu/tests/integration/test_init_cache.py:26: set KEEMU_RUN_INIT_CACHE=1 with pinned cache and Docker/binfmt</skipped></testcase><testcase classname="tests.integration.test_init_cache" name="test_target_opkg_inventory_and_network_with_owned_cleanup" time="0.000"><skipped type="pytest.skip" message="set KEEMU_RUN_INIT_CACHE=1 with pinned cache and Docker/binfmt">/opt/data/workspace/keemu/tests/integration/test_init_cache.py:35: set KEEMU_RUN_INIT_CACHE=1 with pinned cache and Docker/binfmt</skipped></testcase><testcase classname="tests.integration.test_init_cache" name="test_copied_corrupt_cache_fails_closed[missing-manifest]" time="0.000"><skipped type="pytest.skip" message="set KEEMU_RUN_INIT_CACHE=1 with pinned cache and Docker/binfmt">/opt/data/workspace/keemu/tests/integration/test_init_cache.py:43: set KEEMU_RUN_INIT_CACHE=1 with pinned cache and Docker/binfmt</skipped></testcase><testcase classname="tests.integration.test_init_cache" name="test_copied_corrupt_cache_fails_closed[rootfs-byte]" time="0.000"><skipped type="pytest.skip" message="set KEEMU_RUN_INIT_CACHE=1 with pinned cache and Docker/binfmt">/opt/data/workspace/keemu/tests/integration/test_init_cache.py:43: set KEEMU_RUN_INIT_CACHE=1 with pinned cache and Docker/binfmt</skipped></testcase><testcase classname="tests.integration.test_init_cache" name="test_copied_corrupt_cache_fails_closed[archive-byte]" time="0.000"><skipped type="pytest.skip" message="set KEEMU_RUN_INIT_CACHE=1 with pinned cache and Docker/binfmt">/opt/data/workspace/keemu/tests/integration/test_init_cache.py:43: set KEEMU_RUN_INIT_CACHE=1 with pinned cache and Docker/binfmt</skipped></testcase><testcase classname="tests.integration.test_init_cache" name="test_copied_corrupt_cache_fails_closed[inventory-byte]" time="0.000"><skipped type="pytest.skip" message="set KEEMU_RUN_INIT_CACHE=1 with pinned cache and Docker/binfmt">/opt/data/workspace/keemu/tests/integration/test_init_cache.py:43: set KEEMU_RUN_INIT_CACHE=1 with pinned cache and Docker/binfmt</skipped></testcase><testcase classname="tests.integration.test_init_cache" name="test_copied_corrupt_cache_fails_closed[feed-byte]" time="0.000"><skipped type="pytest.skip" message="set KEEMU_RUN_INIT_CACHE=1 with pinned cache and Docker/binfmt">/opt/data/workspace/keemu/tests/integration/test_init_cache.py:43: set KEEMU_RUN_INIT_CACHE=1 with pinned cache and Docker/binfmt</skipped></testcase><testcase classname="tests.integration.test_lifecycle" name="test_real_ipk_success_and_failed_postinst" time="0.000"><skipped type="pytest.skip" message="opt in to disposable Docker lifecycle test">/opt/data/workspace/keemu/tests/integration/test_lifecycle.py:190: opt in to disposable Docker lifecycle test</skipped></testcase><testcase classname="tests.integration.test_lifecycle" name="test_static_defect_reports_fail_before_docker[options0-architecture]" time="0.025" /><testcase classname="tests.integration.test_lifecycle" name="test_static_defect_reports_fail_before_docker[options1-shebang]" time="0.023" /><testcase classname="tests.integration.test_lifecycle" name="test_malformed_package_cli_returns_2_and_keeps_report" time="0.024" /><testcase classname="tests.integration.test_lifecycle" name="test_run_id_collision_never_removes_preexisting_resource" time="0.024" /><testcase classname="tests.integration.test_lifecycle" name="test_cleanup_failure_preserves_primary_failure" time="0.001"><skipped type="pytest.skip" message="opt in to disposable Docker lifecycle test">/opt/data/workspace/keemu/tests/integration/test_lifecycle.py:417: opt in to disposable Docker lifecycle test</skipped></testcase><testcase classname="tests.integration.test_lifecycle" name="test_persistent_registry_real_target_restart_and_replacement" time="0.000"><skipped type="pytest.skip" message="opt in to owned persistent Docker lifecycle test">/opt/data/workspace/keemu/tests/integration/test_lifecycle.py:454: opt in to owned persistent Docker lifecycle test</skipped></testcase><testcase classname="tests.integration.test_lifecycle" name="test_persistent_failed_postinst_records_failure_and_cleans_owned" time="0.001"><skipped type="pytest.skip" message="opt in to owned persistent Docker lifecycle test">/opt/data/workspace/keemu/tests/integration/test_lifecycle.py:542: opt in to owned persistent Docker lifecycle test</skipped></testcase><testcase classname="tests.integration.test_lifecycle" name="test_persistent_static_defect_refused_before_registry_and_docker[options0]" time="0.024" /><testcase classname="tests.integration.test_lifecycle" name="test_persistent_static_defect_refused_before_registry_and_docker[options1]" time="0.021" /><testcase classname="tests.integration.test_lifecycle" name="test_persistent_service_readiness_after_same_container_restart" time="0.000"><skipped type="pytest.skip" message="opt in to owned persistent Docker lifecycle test">/opt/data/workspace/keemu/tests/integration/test_lifecycle.py:600: opt in to owned persistent Docker lifecycle test</skipped></testcase><testcase classname="tests.integration.test_m1a15_https" name="test_https_aarch64_with_local_ca" time="0.000"><skipped type="pytest.skip" message="opt-in Docker/binfmt probe">/opt/data/workspace/keemu/tests/integration/test_m1a15_https.py:298: opt-in Docker/binfmt probe</skipped></testcase><testcase classname="tests.integration.test_m1a15_https" name="test_aarch64_hello_offline_locked_repeat" time="0.000"><skipped type="pytest.skip" message="opt in to real offline Docker/binfmt fixture repeat">/opt/data/workspace/keemu/tests/integration/test_m1a15_https.py:550: opt in to real offline Docker/binfmt fixture repeat</skipped></testcase><testcase classname="tests.integration.test_m1a16_recovery" name="test_sigkill_recovery_isolation_and_foreign_preservation" time="0.000"><skipped type="pytest.skip" message="opt in to SIGKILL/disposable Docker recovery test">/opt/data/workspace/keemu/tests/integration/test_m1a16_recovery.py:102: opt in to SIGKILL/disposable Docker recovery test</skipped></testcase><testcase classname="tests.integration.test_matrix" name="test_matrix_real_child_and_unsupported_targets" time="0.000"><skipped type="pytest.skip" message="opt in to locked AArch64 Docker/binfmt matrix run">/opt/data/workspace/keemu/tests/integration/test_matrix.py:23: opt in to locked AArch64 Docker/binfmt matrix run</skipped></testcase><testcase classname="tests.integration.test_p0_diagnostic.P0DiagnosticIntegrationTests" name="test_aarch64_shell_opkg_child_elf_and_shebang" time="0.001"><skipped type="pytest.skip" message="set KEEMU_RUN_P0_DIAGNOSTIC=1 after fetching locked P0 artifacts">/opt/data/workspace/keemu/tests/integration/test_p0_diagnostic.py:19: set KEEMU_RUN_P0_DIAGNOSTIC=1 after fetching locked P0 artifacts</skipped></testcase><testcase classname="tests.integration.test_p0_image.P0ImageIntegrationTests" name="test_live_image_and_saved_layer_match_lock" time="0.000"><skipped type="pytest.skip" message="set KEEMU_RUN_P0_IMAGE_AUDIT=1 after building and saving the locked image">/opt/data/workspace/keemu/tests/integration/test_p0_image.py:17: set KEEMU_RUN_P0_IMAGE_AUDIT=1 after building and saving the locked image</skipped></testcase><testcase classname="tests.integration.test_p0_web_demo.P0WebDemoIntegrationTests" name="test_live_p0_web_demo_probe_passes" time="0.000"><skipped type="pytest.skip" message="set KEEMU_RUN_P0_WEB_DEMO_PROBE=1 after building p0-06 web and observer locks">/opt/data/workspace/keemu/tests/integration/test_p0_web_demo.py:17: set KEEMU_RUN_P0_WEB_DEMO_PROBE=1 after building p0-06 web and observer locks</skipped></testcase><testcase classname="tests.unit.test_cli" name="test_p0_verify_lock_reports_verified_artifacts" time="0.004" /><testcase classname="tests.unit.test_cli" name="test_p0_verify_fixture_lock_reports_locked_sources" time="0.002" /><testcase classname="tests.unit.test_cli" name="test_doctor_returns_blocked_exit_code_and_json" time="0.004" /><testcase classname="tests.unit.test_cli" name="test_doctor_rejects_invalid_profile_id_with_input_exit_code" time="0.001" /><testcase classname="tests.unit.test_docker_runtime" name="test_invalid_untrusted_identifiers_never_reach_docker" time="0.000" /><testcase classname="tests.unit.test_docker_runtime" name="test_foreign_labels_refuse_stop_remove_and_exec" time="0.000" /><testcase classname="tests.unit.test_docker_runtime" name="test_reconciliation_never_adopts_wrong_base_or_foreign_resources" time="0.000" /><testcase classname="tests.unit.test_docker_runtime" name="test_command_bounds_and_per_stream_truncation" time="0.000" /><testcase classname="tests.unit.test_docker_runtime" name="test_logs_mark_each_truncated_stream_without_exposing_unbounded_data" time="0.000" /><testcase classname="tests.unit.test_docker_runtime" name="test_writable_threshold_stops_only_verified_container" time="0.000" /><testcase classname="tests.unit.test_docker_runtime" name="test_unexpected_labeled_resource_is_reported_not_removed" time="0.000" /><testcase classname="tests.unit.test_docker_runtime" name="test_attached_network_never_removed" time="0.000" /><testcase classname="tests.unit.test_doctor" name="test_doctor_reports_missing_runtime_capabilities_as_blocked" time="0.001" /><testcase classname="tests.unit.test_doctor" name="test_doctor_reports_docker_probe_timeout_as_error" time="0.001" /><testcase classname="tests.unit.test_entware.PackageIndexTests" name="test_builds_deterministic_lock_with_source_urls_and_index_hash" time="0.001" /><testcase classname="tests.unit.test_entware.PackageIndexTests" name="test_resolves_transitive_dependencies_and_first_available_alternative" time="0.000" /><testcase classname="tests.unit.test_entware.ArtifactCacheTests" name="test_rejects_corrupt_locked_artifact" time="0.001" /><testcase classname="tests.unit.test_entware.ArtifactCacheTests" name="test_verifies_every_locked_artifact" time="0.001" /><testcase classname="tests.unit.test_events" name="test_order_environment_repeat_restores_without_duplicates[boot]" time="1.571" /><testcase classname="tests.unit.test_events" name="test_order_environment_repeat_restores_without_duplicates[netfilter]" time="1.589" /><testcase classname="tests.unit.test_events" name="test_unknown_event_no_execution" time="0.554" /><testcase classname="tests.unit.test_events" name="test_failure_stop_and_continue" time="1.055" /><testcase classname="tests.unit.test_events" name="test_timeout_kills_group_and_marks_fail" time="1.533" /><testcase classname="tests.unit.test_events" name="test_invalid_contract_refused[&lt;lambda&gt;0]" time="0.521" /><testcase classname="tests.unit.test_events" name="test_invalid_contract_refused[&lt;lambda&gt;1]" time="0.503" /><testcase classname="tests.unit.test_events" name="test_invalid_contract_refused[&lt;lambda&gt;2]" time="0.527" /><testcase classname="tests.unit.test_events" name="test_invalid_contract_refused[&lt;lambda&gt;3]" time="0.497" /><testcase classname="tests.unit.test_events" name="test_invalid_contract_refused[&lt;lambda&gt;4]" time="0.530" /><testcase classname="tests.unit.test_events" name="test_invalid_contract_refused[&lt;lambda&gt;5]" time="0.528" /><testcase classname="tests.unit.test_events" name="test_invalid_contract_refused[&lt;lambda&gt;6]" time="0.513" /><testcase classname="tests.unit.test_events" name="test_invalid_contract_refused[&lt;lambda&gt;7]" time="0.510" /><testcase classname="tests.unit.test_events" name="test_invalid_contract_refused[&lt;lambda&gt;8]" time="0.527" /><testcase classname="tests.unit.test_events" name="test_invalid_contract_refused[&lt;lambda&gt;9]" time="0.533" /><testcase classname="tests.unit.test_events" name="test_duplicate_keys_and_unsafe_selection" time="1.023" /><testcase classname="tests.unit.test_events" name="test_no_false_pass_when_state_not_restored_and_nonexec_policy" time="1.054" /><testcase classname="tests.unit.test_events" name="test_state_symlink_and_modified_handler_refused" time="1.052" /><testcase classname="tests.unit.test_events" name="test_undeclared_or_duplicate_pre_event_state_refused" time="1.103" /><testcase classname="tests.unit.test_fixture_lock" name="test_p0_fixture_lock_covers_sources_recipes_and_external_provenance" time="0.001" /><testcase classname="tests.unit.test_fixture_lock" name="test_fixture_lock_rejects_tampered_source" time="0.002" /><testcase classname="tests.unit.test_init_cache" name="test_inventory_exact_versions_names_and_duplicates" time="0.001" /><testcase classname="tests.unit.test_init_cache" name="test_committed_digest_and_archive_bind_manifest_before_publication" time="0.001" /><testcase classname="tests.unit.test_init_cache" name="test_image_audit_rejects_mutated_content_and_extras" time="0.002" /><testcase classname="tests.unit.test_init_cache" name="test_init_rejects_unsupported_profile_and_requires_locked_flag" time="0.003" /><testcase classname="tests.unit.test_input_schemas" name="test_scenario_sample_and_strict_contract" time="0.016" /><testcase classname="tests.unit.test_input_schemas" name="test_scenario_rejects_invalid_inputs[schema_version: 1-schema_version: true]" time="0.004" /><testcase classname="tests.unit.test_input_schemas" name="test_scenario_rejects_invalid_inputs[schema_version: 1-schema_version: 2]" time="0.004" /><testcase classname="tests.unit.test_input_schemas" name="test_scenario_rejects_invalid_inputs[schema_version: 1-schema_version: &quot;1&quot;]" time="0.003" /><testcase classname="tests.unit.test_input_schemas" name="test_scenario_rejects_invalid_inputs[package_name: web-demo-package_name: web-demo\n  unknown: true]" time="0.003" /><testcase classname="tests.unit.test_input_schemas" name="test_scenario_rejects_invalid_inputs[  publish:\n-  publish:\n    - host_port: 18080\n      target_port: 8080\n      protocol: tcp\n]" time="0.004" /><testcase classname="tests.unit.test_input_schemas" name="test_scenario_rejects_invalid_inputs[      protocol: tcp-      protocol: foo]" time="0.003" /><testcase classname="tests.unit.test_input_schemas" name="test_scenario_rejects_invalid_inputs[      target_port: 8080-      target_port: 65536]" time="0.003" /><testcase classname="tests.unit.test_input_schemas" name="test_scenario_rejects_invalid_inputs[    - host_port: 18080-    - host_port: 18081]" time="0.003" /><testcase classname="tests.unit.test_input_schemas" name="test_scenario_rejects_invalid_inputs[  capabilities: []-  capabilities: [SYS_MODULE]]" time="0.004" /><testcase classname="tests.unit.test_input_schemas" name="test_scenario_rejects_invalid_inputs[  capabilities: []-  capabilities: [NET_ADMIN, NET_ADMIN]]" time="0.003" /><testcase classname="tests.unit.test_input_schemas" name="test_scenario_rejects_invalid_inputs[    - host_port: 18080-    - host_ip: 0.0.0.0\n      host_port: 18080]" time="0.003" /><testcase classname="tests.unit.test_input_schemas" name="test_scenario_rejects_invalid_inputs[    vantage: host_publish-    vantage: client]" time="0.003" /><testcase classname="tests.unit.test_input_schemas" name="test_scenario_rejects_invalid_inputs[  paths: [/opt/etc/web-demo/config.json]-  paths: [/etc/passwd]]" time="0.003" /><testcase classname="tests.unit.test_input_schemas" name="test_scenario_rejects_invalid_inputs[  paths: [/opt/etc/web-demo/config.json]-  paths: [/opt/../etc/passwd]]" time="0.003" /><testcase classname="tests.unit.test_input_schemas" name="test_scenario_rejects_invalid_inputs[    expected_status: [200]-    expected_status: [true]]" time="0.003" /><testcase classname="tests.unit.test_input_schemas" name="test_scenario_rejects_invalid_inputs[    body_contains: healthy-    body_contains: '']" time="0.003" /><testcase classname="tests.unit.test_input_schemas" name="test_scenario_rejects_invalid_inputs[  env: {}-  env: {API_KEY: literal-secret}]" time="0.003" /><testcase classname="tests.unit.test_input_schemas" name="test_rejects_yaml_duplicate_and_alias" time="0.004" /><testcase classname="tests.unit.test_input_schemas" name="test_yaml_path_loader_bounds_read_before_allocation[load_yaml_unique]" time="0.002" /><testcase classname="tests.unit.test_input_schemas" name="test_yaml_path_loader_bounds_read_before_allocation[load_profile]" time="0.002" /><testcase classname="tests.unit.test_input_schemas" name="test_resolve_input_rejects_escape_symlink_and_missing" time="0.006" /><testcase classname="tests.unit.test_input_schemas" name="test_shell_is_explicit_and_argv_only" time="0.005" /><testcase classname="tests.unit.test_input_schemas" name="test_https_requires_trust_file_even_in_readiness" time="0.005" /><testcase classname="tests.unit.test_input_schemas" name="test_bounded_scenario_and_lock_inputs" time="0.011" /><testcase classname="tests.unit.test_input_schemas" name="test_pinned_installer_requires_explicit_contract" time="0.007" /><testcase classname="tests.unit.test_input_schemas" name="test_pinned_lock_binds_exact_source_reference" time="0.006" /><testcase classname="tests.unit.test_input_schemas" name="test_lock_strictness_identity_and_duplicate_keys" time="0.011" /><testcase classname="tests.unit.test_input_schemas" name="test_lock_rejects_missing_and_symlinked_artifacts" time="0.002" /><testcase classname="tests.unit.test_input_schemas" name="test_committed_input_schemas_match_models" time="0.008" /><testcase classname="tests.unit.test_input_schemas" name="test_environment_strict_state_and_ownership" time="0.003" /><testcase classname="tests.unit.test_ipk_inspect" name="test_format_metadata_and_cli[tar]" time="0.005" /><testcase classname="tests.unit.test_ipk_inspect" name="test_format_metadata_and_cli[ar]" time="0.004" /><testcase classname="tests.unit.test_ipk_inspect" name="test_format_metadata_and_cli[plain]" time="0.004" /><testcase classname="tests.unit.test_ipk_inspect" name="test_unsafe_members_rejected[../escape-0-None]" time="0.002" /><testcase classname="tests.unit.test_ipk_inspect" name="test_unsafe_members_rejected[/outside-0-None]" time="0.002" /><testcase classname="tests.unit.test_ipk_inspect" name="test_unsafe_members_rejected[opt/../escape-0-None]" time="0.002" /><testcase classname="tests.unit.test_ipk_inspect" name="test_unsafe_members_rejected[opt/link-2-../../outside]" time="0.002" /><testcase classname="tests.unit.test_ipk_inspect" name="test_unsafe_members_rejected[opt/link-1-opt/missing]" time="0.002" /><testcase classname="tests.unit.test_ipk_inspect" name="test_unsafe_members_rejected[opt/dev-3-None]" time="0.002" /><testcase classname="tests.unit.test_ipk_inspect" name="test_symlink_parent_even_when_listed_later" time="0.002" /><testcase classname="tests.unit.test_ipk_inspect" name="test_link_cycle_and_duplicate_rejected" time="0.003" /><testcase classname="tests.unit.test_ipk_inspect" name="test_invalid_metadata[Package: hello\nVersion: 1\nArchitecture: aarch64-3.10\nDepends: lib (&gt;=)\n]" time="0.002" /><testcase classname="tests.unit.test_ipk_inspect" name="test_invalid_metadata[Package: hello\nPackage: evil\nVersion: 1\nArchitecture: all\n]" time="0.002" /><testcase classname="tests.unit.test_ipk_inspect" name="test_invalid_metadata[Package: hello\nArchitecture: all\n]" time="0.002" /><testcase classname="tests.unit.test_ipk_inspect" name="test_architecture_permissions_and_scripts" time="0.002" /><testcase classname="tests.unit.test_ipk_inspect" name="test_bounded_and_corrupt_inputs" time="0.004" /><testcase classname="tests.unit.test_ipk_inspect" name="test_nested_compression_detected[xz-compress]" time="0.024" /><testcase classname="tests.unit.test_ipk_inspect" name="test_nested_compression_detected[bz2-compress]" time="0.002" /><testcase classname="tests.unit.test_ipk_inspect" name="test_truncated_compression_and_trailing_member" time="0.003" /><testcase classname="tests.unit.test_ipk_inspect" name="test_elf_dependency_interpreter_and_postinst_defer" time="0.006" /><testcase classname="tests.unit.test_ipk_inspect" name="test_elf_runpath_and_unknown_loader_variable" time="0.004" /><testcase classname="tests.unit.test_ipk_inspect" name="test_portable_elf_arch_abi_and_bounds" time="0.005" /><testcase classname="tests.unit.test_ipk_inspect" name="test_bad_shebang_mode_and_hardcoded_path" time="0.003" /><testcase classname="tests.unit.test_ipk_inspect" name="test_dangling_symlink_with_complete_rootfs" time="0.004" /><testcase classname="tests.unit.test_ipk_inspect" name="test_real_locked_aarch64_feed_if_cached" time="0.085" /><testcase classname="tests.unit.test_ipk_inspect" name="test_elf_from_locked_rootfs_if_cached" time="0.151" /><testcase classname="tests.unit.test_lifecycle" name="test_residual_exempts_only_exact_opkg_bookkeeping" time="0.000" /><testcase classname="tests.unit.test_lifecycle" name="test_stopped_endpoint_distinguishes_refused_from_failed_readiness[output0-PASS]" time="0.001" /><testcase classname="tests.unit.test_lifecycle" name="test_stopped_endpoint_distinguishes_refused_from_failed_readiness[output1-FAIL]" time="0.000" /><testcase classname="tests.unit.test_lifecycle" name="test_stopped_endpoint_distinguishes_refused_from_failed_readiness[output2-BLOCKED]" time="0.000" /><testcase classname="tests.unit.test_m1a17_bundle" name="test_frozen_ledger_is_complete_and_truthful" time="0.001" /><testcase classname="tests.unit.test_m1a17_bundle" name="test_retained_local_evidence_hashes_when_available" time="0.002" /><testcase classname="tests.unit.test_m1b18_evidence" name="test_m1b18_ledger_binds_both_distinct_target_locks" time="0.001" /><testcase classname="tests.unit.test_m1b18_evidence" name="test_m1b18_ignored_raw_probe_hash_when_available" time="0.000" /><testcase classname="tests.unit.test_m1b18_evidence" name="test_m1b18_pass_ledger_binds_real_docker_probe_and_old_evidence" time="0.001" /><testcase classname="tests.unit.test_m1b18_targets" name="test_generic_profiles_are_target_bound[mipsel-little-qemu-mipsel]" time="0.002" /><testcase classname="tests.unit.test_m1b18_targets" name="test_generic_profiles_are_target_bound[mips-big-qemu-mips]" time="0.001" /><testcase classname="tests.unit.test_m1b18_targets" name="test_mips_elf_rejects_wrong_endianness_machine_abi_and_isa" time="0.003" /><testcase classname="tests.unit.test_m1b18_targets" name="test_locked_target_image_and_offline_inventory[mipsel-3.4]" time="0.000"><skipped type="pytest.skip" message="set KEEMU_RUN_M1B18=1 with pinned artifacts and Docker image IDs">/opt/data/workspace/keemu/tests/unit/test_m1b18_targets.py:59: set KEEMU_RUN_M1B18=1 with pinned artifacts and Docker image IDs</skipped></testcase><testcase classname="tests.unit.test_m1b18_targets" name="test_locked_target_image_and_offline_inventory[mips-3.4]" time="0.000"><skipped type="pytest.skip" message="set KEEMU_RUN_M1B18=1 with pinned artifacts and Docker image IDs">/opt/data/workspace/keemu/tests/unit/test_m1b18_targets.py:59: set KEEMU_RUN_M1B18=1 with pinned artifacts and Docker image IDs</skipped></testcase><testcase classname="tests.unit.test_matrix" name="test_matrix_incomplete_is_blocked_and_does_not_claim_pass" time="0.024" /><testcase classname="tests.unit.test_matrix" name="test_required_unsupported_target_exits_four_even_with_strict" time="0.023" /><testcase classname="tests.unit.test_matrix" name="test_mismatch_is_fail_and_overrides_unsupported_target" time="0.043" /><testcase classname="tests.unit.test_matrix" name="test_complete_matrix_visits_cases_in_order_and_preserves_child_results" time="0.066" /><testcase classname="tests.unit.test_matrix" name="test_malformed_matrix_rejected_before_execution[&lt;lambda&gt;0]" time="0.041" /><testcase classname="tests.unit.test_matrix" name="test_malformed_matrix_rejected_before_execution[&lt;lambda&gt;1]" time="0.041" /><testcase classname="tests.unit.test_matrix" name="test_malformed_matrix_rejected_before_execution[&lt;lambda&gt;2]" time="0.046" /><testcase classname="tests.unit.test_matrix" name="test_malformed_matrix_rejected_before_execution[&lt;lambda&gt;3]" time="0.045" /><testcase classname="tests.unit.test_matrix" name="test_malformed_matrix_rejected_before_execution[&lt;lambda&gt;4]" time="0.045" /><testcase classname="tests.unit.test_matrix" name="test_malformed_matrix_rejected_before_execution[&lt;lambda&gt;5]" time="0.046" /><testcase classname="tests.unit.test_matrix" name="test_swapped_case_profile_and_source_replacement_rejected" time="0.059" /><testcase classname="tests.unit.test_matrix" name="test_schema_is_strict" time="0.000" /><testcase classname="tests.unit.test_matrix" name="test_committed_schema_matches_model" time="0.001" /><testcase classname="tests.unit.test_matrix" name="test_unknown_target_is_blocked_not_package_failure" time="0.020" /><testcase classname="tests.unit.test_matrix" name="test_child_runtime_error_does_not_hide_required_blocked_cases" time="0.058" /><testcase classname="tests.unit.test_ndm" name="test_exact_process_and_persistent_state" time="2.560" /><testcase classname="tests.unit.test_ndm" name="test_unknown_is_not_success_and_required_check_blocks" time="0.526" /><testcase classname="tests.unit.test_ndm" name="test_exact_argv_unknown_even_similar_and_no_env_leak" time="1.564" /><testcase classname="tests.unit.test_ndm" name="test_invalid_contract_fails_before_logs[&lt;lambda&gt;0]" time="0.510" /><testcase classname="tests.unit.test_ndm" name="test_invalid_contract_fails_before_logs[&lt;lambda&gt;1]" time="0.551" /><testcase classname="tests.unit.test_ndm" name="test_invalid_contract_fails_before_logs[&lt;lambda&gt;2]" time="0.527" /><testcase classname="tests.unit.test_ndm" name="test_invalid_contract_fails_before_logs[&lt;lambda&gt;3]" time="0.511" /><testcase classname="tests.unit.test_ndm" name="test_invalid_contract_fails_before_logs[&lt;lambda&gt;4]" time="0.494" /><testcase classname="tests.unit.test_ndm" name="test_invalid_contract_fails_before_logs[&lt;lambda&gt;5]" time="0.489" /><testcase classname="tests.unit.test_ndm" name="test_invalid_contract_fails_before_logs[&lt;lambda&gt;6]" time="0.501" /><testcase classname="tests.unit.test_ndm" name="test_invalid_contract_fails_before_logs[&lt;lambda&gt;7]" time="0.527" /><testcase classname="tests.unit.test_ndm" name="test_invalid_contract_fails_before_logs[&lt;lambda&gt;8]" time="0.535" /><testcase classname="tests.unit.test_ndm" name="test_symlinks_and_corrupt_state_fail_closed" time="1.493" /><testcase classname="tests.unit.test_ndm" name="test_duplicate_json_keys_rejected" time="0.001" /><testcase classname="tests.unit.test_ndm" name="test_changed_contract_refuses_prior_state" time="1.013" /><testcase classname="tests.unit.test_p0_image.P0ImageTests" name="test_architecture_audit_rejects_foreign_application_elf" time="0.003" /><testcase classname="tests.unit.test_p0_image.P0ImageTests" name="test_container_template_has_identity_and_limits_without_forbidden_flags" time="0.000" /><testcase classname="tests.unit.test_profiles" name="test_loads_strict_generic_profile" time="0.002" /><testcase classname="tests.unit.test_profiles" name="test_rejects_duplicate_yaml_keys" time="0.002" /><testcase classname="tests.unit.test_profiles" name="test_rejects_target_and_cpu_architecture_mismatch" time="0.002" /><testcase classname="tests.unit.test_recovery" name="test_recovery_requires_explicit_cli_confirmation_and_retries" time="0.013" /><testcase classname="tests.unit.test_recovery" name="test_unbound_orphan_recovered_only_with_expected_name[creating]" time="0.007" /><testcase classname="tests.unit.test_recovery" name="test_unbound_orphan_recovered_only_with_expected_name[failed]" time="0.008" /><testcase classname="tests.unit.test_recovery" name="test_stale_registry_with_foreign_id_refuses_mutation" time="0.006" /><testcase classname="tests.unit.test_recovery" name="test_extra_resources_and_network_refuse_cleanup" time="0.007" /><testcase classname="tests.unit.test_recovery" name="test_healthy_environment_never_recovered" time="0.008" /><testcase classname="tests.unit.test_registry" name="test_atomic_state_transitions_and_tombstone" time="0.007" /><testcase classname="tests.unit.test_registry" name="test_name_lock_serializes_only_same_name" time="0.008" /><testcase classname="tests.unit.test_registry" name="test_lock_contends_across_processes_but_not_names" time="0.969" /><testcase classname="tests.unit.test_registry" name="test_symlink_lock_and_replaced_state_are_rejected" time="0.006" /><testcase classname="tests.unit.test_registry" name="test_modified_snapshot_and_partial_directory_fail_closed" time="0.006" /><testcase classname="tests.unit.test_registry" name="test_foreign_docker_identity_refuses_lifecycle_and_cli_error" time="0.011" /><testcase classname="tests.unit.test_registry" name="test_cli_requires_identity_and_lock_pair" time="0.001" /><testcase classname="tests.unit.test_registry" name="test_prepare_uses_secure_scenario_snapshot_after_path_replacement" time="0.006" /><testcase classname="tests.unit.test_registry" name="test_status_marks_transitional_registry_state_inconsistent" time="0.009" /><testcase classname="tests.unit.test_registry" name="test_status_reports_creating_without_container_as_inconsistent" time="0.005" /><testcase classname="tests.unit.test_registry" name="test_registry_rejects_symlinked_runtime_ancestor" time="0.001" /><testcase classname="tests.unit.test_registry" name="test_locked_rootfs_rejects_untrusted_cache_key[../outside]" time="0.001" /><testcase classname="tests.unit.test_registry" name="test_locked_rootfs_rejects_untrusted_cache_key[/absolute]" time="0.001" /><testcase classname="tests.unit.test_registry" name="test_locked_rootfs_rejects_untrusted_cache_key[not-a-digest]" time="0.001" /><testcase classname="tests.unit.test_reports" name="test_optional_evidence_is_bounded_private_and_no_traversal" time="0.002" /><testcase classname="tests.unit.test_reports" name="test_required_skip_aggregates_to_blocked_with_coverage" time="0.000" /><testcase classname="tests.unit.test_reports" name="test_json_and_markdown_are_written_from_same_report_object" time="0.002" /><testcase classname="tests.unit.test_reports" name="test_committed_json_schemas_match_current_models" time="0.006" /><testcase classname="tests.unit.test_reports" name="test_exit_code_for_aggregate_status" time="0.000" /><testcase classname="tests.unit.test_reports" name="test_report_captures_a21_metadata_and_is_frozen" time="0.001" /><testcase classname="tests.unit.test_reports" name="test_failed_report_bundle_is_complete_and_cannot_be_overwritten" time="0.003" /><testcase classname="tests.unit.test_reports" name="test_existing_empty_report_directory_is_not_replaced" time="0.002" /><testcase classname="tests.unit.test_reports" name="test_dangling_destination_symlink_is_not_replaced" time="0.002" /><testcase classname="tests.unit.test_reports" name="test_report_directory_created_during_publication_is_not_replaced" time="0.002" /><testcase classname="tests.unit.test_reports" name="test_report_publication_fails_closed_without_renameat2" time="0.002" /><testcase classname="tests.unit.test_reports" name="test_partial_failure_rejects_contradictory_operation_status" time="0.001" /><testcase classname="tests.unit.test_reports" name="test_partial_failure_rejects_missing_operation_sequence" time="0.001" /><testcase classname="tests.unit.test_reports" name="test_partial_failure_rejects_wrong_operation_sequence" time="0.001" /></testsuite></testsuites>