<?xml version="1.0" encoding="utf-8"?><testsuites name="pytest tests"><testsuite name="pytest" errors="0" failures="0" skipped="0" tests="28" time="79.202" timestamp="2026-09-24T21:16:26.930697+00:00" hostname="a362dc49f043"><testcase classname="tests.integration.test_init_cache" name="test_live_image_and_offline_repeat_never_fetches" time="0.304" /><testcase classname="tests.integration.test_init_cache" name="test_target_opkg_inventory_and_network_with_owned_cleanup" time="1.099" /><testcase classname="tests.integration.test_init_cache" name="test_copied_corrupt_cache_fails_closed[missing-manifest]" time="0.338" /><testcase classname="tests.integration.test_init_cache" name="test_copied_corrupt_cache_fails_closed[rootfs-byte]" time="0.372" /><testcase classname="tests.integration.test_init_cache" name="test_copied_corrupt_cache_fails_closed[archive-byte]" time="0.386" /><testcase classname="tests.integration.test_init_cache" name="test_copied_corrupt_cache_fails_closed[inventory-byte]" time="0.390" /><testcase classname="tests.integration.test_init_cache" name="test_copied_corrupt_cache_fails_closed[feed-byte]" time="0.391" /><testcase classname="tests.integration.test_lifecycle" name="test_real_ipk_success_and_failed_postinst" time="24.387" /><testcase classname="tests.integration.test_lifecycle" name="test_static_defect_reports_fail_before_docker[options0-architecture]" time="0.022" /><testcase classname="tests.integration.test_lifecycle" name="test_static_defect_reports_fail_before_docker[options1-shebang]" time="0.024" /><testcase classname="tests.integration.test_lifecycle" name="test_malformed_package_cli_returns_2_and_keeps_report" time="0.023" /><testcase classname="tests.integration.test_lifecycle" name="test_run_id_collision_never_removes_preexisting_resource" time="0.022" /><testcase classname="tests.integration.test_lifecycle" name="test_cleanup_failure_preserves_primary_failure" time="3.107" /><testcase classname="tests.integration.test_lifecycle" name="test_persistent_registry_real_target_restart_and_replacement" time="6.483" /><testcase classname="tests.integration.test_lifecycle" name="test_persistent_failed_postinst_records_failure_and_cleans_owned" time="2.856" /><testcase classname="tests.integration.test_lifecycle" name="test_persistent_static_defect_refused_before_registry_and_docker[options0]" time="0.024" /><testcase classname="tests.integration.test_lifecycle" name="test_persistent_static_defect_refused_before_registry_and_docker[options1]" time="0.024" /><testcase classname="tests.integration.test_lifecycle" name="test_persistent_service_readiness_after_same_container_restart" time="8.006" /><testcase classname="tests.integration.test_m1a15_https" name="test_https_aarch64_with_local_ca" time="5.062" /><testcase classname="tests.integration.test_m1a15_https" name="test_aarch64_hello_offline_locked_repeat" time="10.274" /><testcase classname="tests.integration.test_m1a16_recovery" name="test_sigkill_recovery_isolation_and_foreign_preservation" time="6.252" /><testcase classname="tests.integration.test_docker_runtime" name="test_owned_runtime_boundary" time="2.924" /><testcase classname="tests.integration.test_matrix" name="test_matrix_real_child_and_unsupported_targets" time="4.934" /><testcase classname="tests.unit.test_m1b18_targets" name="test_generic_profiles_are_target_bound[mipsel-little-qemu-mipsel]" time="0.002" /><testcase classname="tests.unit.test_m1b18_targets" name="test_generic_profiles_are_target_bound[mips-big-qemu-mips]" time="0.002" /><testcase classname="tests.unit.test_m1b18_targets" name="test_mips_elf_rejects_wrong_endianness_machine_abi_and_isa" time="0.002" /><testcase classname="tests.unit.test_m1b18_targets" name="test_locked_target_image_and_offline_inventory[mipsel-3.4]" time="0.433" /><testcase classname="tests.unit.test_m1b18_targets" name="test_locked_target_image_and_offline_inventory[mips-3.4]" time="0.453" /></testsuite></testsuites>